{"__type":"$$EventMessageAudit","id":"32353d1b-a56d-49c6-be28-64d5cfd9053b","ts":"2025-09-02T02:25:40.899+00:00","eventName":"n8n.audit.workflow.updated","message":"n8n.audit.workflow.updated","payload":{"userId":"2a19ecb4-1d1b-425f-8fc0-f8881f975a81","_email":"n8n.ajboy@gmail.com","_firstName":"Ajboy","_lastName":"n8n","globalRole":"global:owner","workflowId":"VT4SywywwUNPohaM","workflowName":"OCR-old"}}
{"__type":"$$EventMessageConfirm","confirm":"32353d1b-a56d-49c6-be28-64d5cfd9053b","ts":"2025-09-02T02:25:40.899+00:00","source":{"id":"0","name":"eventBus"}}
{"__type":"$$EventMessageWorkflow","id":"a4c06491-3d5d-41cc-855e-bf38fcd7b00b","ts":"2025-09-02T02:25:43.703+00:00","eventName":"n8n.workflow.started","message":"n8n.workflow.started","payload":{"executionId":"164","workflowId":"VT4SywywwUNPohaM","isManual":false,"workflowName":"OCR-old"}}
{"__type":"$$EventMessageConfirm","confirm":"a4c06491-3d5d-41cc-855e-bf38fcd7b00b","ts":"2025-09-02T02:25:43.703+00:00","source":{"id":"0","name":"eventBus"}}
{"__type":"$$EventMessageNode","id":"acefd07c-1132-4a3a-9282-e56a8d76f293","ts":"2025-09-02T02:25:43.705+00:00","eventName":"n8n.node.started","message":"n8n.node.started","payload":{"workflowId":"VT4SywywwUNPohaM","workflowName":"OCR-old","executionId":"164","nodeType":"n8n-nodes-base.manualTrigger","nodeName":"When clicking ‘Execute workflow’","nodeId":"ae283f1a-3e43-4f11-a2c2-0c8dabbe253d"}}
{"__type":"$$EventMessageConfirm","confirm":"acefd07c-1132-4a3a-9282-e56a8d76f293","ts":"2025-09-02T02:25:43.705+00:00","source":{"id":"0","name":"eventBus"}}
{"__type":"$$EventMessageNode","id":"91496818-ea52-476e-b6d6-a23535fcc4e0","ts":"2025-09-02T02:25:43.708+00:00","eventName":"n8n.node.finished","message":"n8n.node.finished","payload":{"workflowId":"VT4SywywwUNPohaM","workflowName":"OCR-old","executionId":"164","nodeType":"n8n-nodes-base.manualTrigger","nodeName":"When clicking ‘Execute workflow’","nodeId":"ae283f1a-3e43-4f11-a2c2-0c8dabbe253d"}}
{"__type":"$$EventMessageConfirm","confirm":"91496818-ea52-476e-b6d6-a23535fcc4e0","ts":"2025-09-02T02:25:43.709+00:00","source":{"id":"0","name":"eventBus"}}
{"__type":"$$EventMessageNode","id":"6efd1515-dd41-444e-bc4c-e85f6bb97f81","ts":"2025-09-02T02:25:43.709+00:00","eventName":"n8n.node.started","message":"n8n.node.started","payload":{"workflowId":"VT4SywywwUNPohaM","workflowName":"OCR-old","executionId":"164","nodeType":"n8n-nodes-base.readWriteFile","nodeName":"read pdf","nodeId":"276a06b4-2a93-4e55-8276-9f34af0b40fd"}}
{"__type":"$$EventMessageConfirm","confirm":"6efd1515-dd41-444e-bc4c-e85f6bb97f81","ts":"2025-09-02T02:25:43.709+00:00","source":{"id":"0","name":"eventBus"}}
{"__type":"$$EventMessageNode","id":"1a51b898-4a39-40c9-a687-f4b5ea54d005","ts":"2025-09-02T02:25:43.768+00:00","eventName":"n8n.node.finished","message":"n8n.node.finished","payload":{"workflowId":"VT4SywywwUNPohaM","workflowName":"OCR-old","executionId":"164","nodeType":"n8n-nodes-base.readWriteFile","nodeName":"read pdf","nodeId":"276a06b4-2a93-4e55-8276-9f34af0b40fd"}}
{"__type":"$$EventMessageConfirm","confirm":"1a51b898-4a39-40c9-a687-f4b5ea54d005","ts":"2025-09-02T02:25:43.768+00:00","source":{"id":"0","name":"eventBus"}}
{"__type":"$$EventMessageNode","id":"e36f7e4a-44cc-4272-8b5c-ea6b810257fc","ts":"2025-09-02T02:25:43.863+00:00","eventName":"n8n.node.started","message":"n8n.node.started","payload":{"workflowId":"VT4SywywwUNPohaM","workflowName":"OCR-old","executionId":"164","nodeType":"n8n-nodes-base.executeCommand","nodeName":"Split page","nodeId":"c021e387-c3c6-4fcc-b807-3c1196db8463"}}
{"__type":"$$EventMessageConfirm","confirm":"e36f7e4a-44cc-4272-8b5c-ea6b810257fc","ts":"2025-09-02T02:25:43.864+00:00","source":{"id":"0","name":"eventBus"}}
{"__type":"$$EventMessageNode","id":"be4d5f25-8ba6-4f3a-97ca-958a020dfbcd","ts":"2025-09-01T22:25:44.438-04:00","eventName":"n8n.node.finished","message":"n8n.node.finished","payload":{"workflowId":"VT4SywywwUNPohaM","workflowName":"OCR-old","executionId":"164","nodeType":"n8n-nodes-base.executeCommand","nodeName":"Split page","nodeId":"c021e387-c3c6-4fcc-b807-3c1196db8463"}}
{"__type":"$$EventMessageConfirm","confirm":"be4d5f25-8ba6-4f3a-97ca-958a020dfbcd","ts":"2025-09-01T22:25:44.439-04:00","source":{"id":"0","name":"eventBus"}}
{"__type":"$$EventMessageNode","id":"4a54e794-fc14-4434-b09c-ac9949696d82","ts":"2025-09-01T22:25:44.439-04:00","eventName":"n8n.node.started","message":"n8n.node.started","payload":{"workflowId":"VT4SywywwUNPohaM","workflowName":"OCR-old","executionId":"164","nodeType":"n8n-nodes-base.readWriteFile","nodeName":"read pdf1","nodeId":"dda83a59-000a-4925-a083-d2a74d2ad4a3"}}
{"__type":"$$EventMessageConfirm","confirm":"4a54e794-fc14-4434-b09c-ac9949696d82","ts":"2025-09-01T22:25:44.439-04:00","source":{"id":"0","name":"eventBus"}}
{"__type":"$$EventMessageNode","id":"6a26d6c8-4cc3-4826-9d96-879c7d368c1c","ts":"2025-09-01T22:25:45.555-04:00","eventName":"n8n.node.finished","message":"n8n.node.finished","payload":{"workflowId":"VT4SywywwUNPohaM","workflowName":"OCR-old","executionId":"164","nodeType":"n8n-nodes-base.readWriteFile","nodeName":"read pdf1","nodeId":"dda83a59-000a-4925-a083-d2a74d2ad4a3"}}
{"__type":"$$EventMessageConfirm","confirm":"6a26d6c8-4cc3-4826-9d96-879c7d368c1c","ts":"2025-09-01T22:25:45.555-04:00","source":{"id":"0","name":"eventBus"}}
{"__type":"$$EventMessageNode","id":"435d1172-2ea0-4657-ae12-2e8838c4500e","ts":"2025-09-01T22:25:46.003-04:00","eventName":"n8n.node.started","message":"n8n.node.started","payload":{"workflowId":"VT4SywywwUNPohaM","workflowName":"OCR-old","executionId":"164","nodeType":"n8n-nodes-base.code","nodeName":"sort by name","nodeId":"62dcf82b-65b6-4260-9455-be02750209b6"}}
{"__type":"$$EventMessageConfirm","confirm":"435d1172-2ea0-4657-ae12-2e8838c4500e","ts":"2025-09-01T22:25:46.004-04:00","source":{"id":"0","name":"eventBus"}}
{"__type":"$$EventMessageNode","id":"3a55800f-4465-4a72-acae-0ff106e720e2","ts":"2025-09-01T22:25:46.032-04:00","eventName":"n8n.node.finished","message":"n8n.node.finished","payload":{"workflowId":"VT4SywywwUNPohaM","workflowName":"OCR-old","executionId":"164","nodeType":"n8n-nodes-base.code","nodeName":"sort by name","nodeId":"62dcf82b-65b6-4260-9455-be02750209b6"}}
{"__type":"$$EventMessageConfirm","confirm":"3a55800f-4465-4a72-acae-0ff106e720e2","ts":"2025-09-01T22:25:46.032-04:00","source":{"id":"0","name":"eventBus"}}
{"__type":"$$EventMessageNode","id":"a2756e91-9d94-4e38-b21f-a7d07832f605","ts":"2025-09-01T22:25:46.477-04:00","eventName":"n8n.node.started","message":"n8n.node.started","payload":{"workflowId":"VT4SywywwUNPohaM","workflowName":"OCR-old","executionId":"164","nodeType":"n8n-nodes-base.splitInBatches","nodeName":"Loop Over Items","nodeId":"54729d49-3c3a-4629-93e1-77bb33332d95"}}
{"__type":"$$EventMessageConfirm","confirm":"a2756e91-9d94-4e38-b21f-a7d07832f605","ts":"2025-09-01T22:25:46.477-04:00","source":{"id":"0","name":"eventBus"}}
{"__type":"$$EventMessageNode","id":"062f7dbe-54c2-42fc-870c-aa3ac136c369","ts":"2025-09-01T22:25:46.478-04:00","eventName":"n8n.node.finished","message":"n8n.node.finished","payload":{"workflowId":"VT4SywywwUNPohaM","workflowName":"OCR-old","executionId":"164","nodeType":"n8n-nodes-base.splitInBatches","nodeName":"Loop Over Items","nodeId":"54729d49-3c3a-4629-93e1-77bb33332d95"}}
{"__type":"$$EventMessageConfirm","confirm":"062f7dbe-54c2-42fc-870c-aa3ac136c369","ts":"2025-09-01T22:25:46.478-04:00","source":{"id":"0","name":"eventBus"}}
{"__type":"$$EventMessageNode","id":"159c38fd-d658-4cfe-9e46-699ca97c63e8","ts":"2025-09-01T22:25:46.489-04:00","eventName":"n8n.node.started","message":"n8n.node.started","payload":{"workflowId":"VT4SywywwUNPohaM","workflowName":"OCR-old","executionId":"164","nodeType":"n8n-nodes-base.executeCommand","nodeName":"OCR","nodeId":"9f294a5d-d8dd-42db-8426-16c940ee5c17"}}
{"__type":"$$EventMessageConfirm","confirm":"159c38fd-d658-4cfe-9e46-699ca97c63e8","ts":"2025-09-01T22:25:46.489-04:00","source":{"id":"0","name":"eventBus"}}
{"__type":"$$EventMessageNode","id":"6ed154d6-a1f0-4985-a54f-92bdc3620f23","ts":"2025-09-01T22:25:47.887-04:00","eventName":"n8n.node.finished","message":"n8n.node.finished","payload":{"workflowId":"VT4SywywwUNPohaM","workflowName":"OCR-old","executionId":"164","nodeType":"n8n-nodes-base.executeCommand","nodeName":"OCR","nodeId":"9f294a5d-d8dd-42db-8426-16c940ee5c17"}}
{"__type":"$$EventMessageConfirm","confirm":"6ed154d6-a1f0-4985-a54f-92bdc3620f23","ts":"2025-09-01T22:25:47.887-04:00","source":{"id":"0","name":"eventBus"}}
{"__type":"$$EventMessageWorkflow","id":"b51cbb88-a72c-4e92-9ab9-b5132a5e5d5a","ts":"2025-09-01T22:25:47.893-04:00","eventName":"n8n.workflow.failed","message":"n8n.workflow.failed","payload":{"userId":"2a19ecb4-1d1b-425f-8fc0-f8881f975a81","executionId":"164","success":false,"isManual":true,"workflowId":"VT4SywywwUNPohaM","workflowName":"OCR-old","lastNodeExecuted":"OCR","errorNodeType":"n8n-nodes-base.executeCommand","errorMessage":"Command failed: python3 /home/node/project/ocr.py \"/home/node/output_pages/ebook_page_001.pdf\"\n\nTraceback (most recent call last):\n  File \"/opt/venv/lib/python3.12/site-packages/typhoon_ocr/ocr_utils.py\", line 508, in prepare_ocr_messages\n    image_base64 = render_pdf_to_base64png(\n                   ^^^^^^^^^^^^^^^^^^^^^^^^\n  File \"/opt/venv/lib/python3.12/site-packages/typhoon_ocr/ocr_utils.py\", line 108, in render_pdf_to_base64png\n    longest_dim = max(get_pdf_media_box_width_height(local_pdf_path, page_num))\n                      ^^^^^^^^^^^^^^^^^^^^^^^^^^^^^^^^^^^^^^^^^^^^^^^^^^^^^^^^\n  File \"/opt/venv/lib/python3.12/site-packages/typhoon_ocr/ocr_utils.py\", line 93, in get_pdf_media_box_width_height\n    raise ValueError(f\"Error running pdfinfo: {result.stderr}\")\nValueError: Error running pdfinfo: I/O Error: Couldn't open file '/home/node/output_pages/ebook_page_001.pdf': No such file or directory.\n\n\nDuring handling of the above exception, another exception occurred:\n\nTraceback (most recent call last):\n  File \"/home/node/project/ocr.py\", line 11, in <module>\n    text = ocr_document(input_path)\n           ^^^^^^^^^^^^^^^^^^^^^^^^\n  File \"/opt/venv/lib/python3.12/site-packages/typhoon_ocr/ocr_utils.py\", line 604, in ocr_document\n    messages = prepare_ocr_messages(\n               ^^^^^^^^^^^^^^^^^^^^^\n  File \"/opt/venv/lib/python3.12/site-packages/typhoon_ocr/ocr_utils.py\", line 541, in prepare_ocr_messages\n    raise ValueError(f\"Error processing document: {str(e)}\")\nValueError: Error processing document: Error running pdfinfo: I/O Error: Couldn't open file '/home/node/output_pages/ebook_page_001.pdf': No such file or directory.\n\n"}}
{"__type":"$$EventMessageConfirm","confirm":"b51cbb88-a72c-4e92-9ab9-b5132a5e5d5a","ts":"2025-09-01T22:25:47.893-04:00","source":{"id":"0","name":"eventBus"}}
